2025-09-20 10:46:24,456 INFO o.a.j.u.JMeterUtils: Setting Locale to en_EN
2025-09-20 10:46:24,463 INFO o.a.j.JMeter: Loading user properties from: /opt/homebrew/Cellar/jmeter/5.6.3/libexec/bin/user.properties
2025-09-20 10:46:24,463 INFO o.a.j.JMeter: Loading system properties from: /opt/homebrew/Cellar/jmeter/5.6.3/libexec/bin/system.properties
2025-09-20 10:46:24,464 INFO o.a.j.JMeter: Setting JMeter property: jmeter.save.saveservice.output_format=xml
2025-09-20 10:46:24,464 INFO o.a.j.JMeter: Setting JMeter property: jmeter.save.saveservice.response_data=true
2025-09-20 10:46:24,465 INFO o.a.j.JMeter: Copyright (c) 1998-2024 The Apache Software Foundation
2025-09-20 10:46:24,465 INFO o.a.j.JMeter: Version 5.6.3
2025-09-20 10:46:24,465 INFO o.a.j.JMeter: java.version=21.0.8
2025-09-20 10:46:24,465 INFO o.a.j.JMeter: java.vm.name=OpenJDK 64-Bit Server VM
2025-09-20 10:46:24,465 INFO o.a.j.JMeter: os.name=Mac OS X
2025-09-20 10:46:24,466 INFO o.a.j.JMeter: os.arch=aarch64
2025-09-20 10:46:24,466 INFO o.a.j.JMeter: os.version=15.6.1
2025-09-20 10:46:24,466 INFO o.a.j.JMeter: file.encoding=UTF-8
2025-09-20 10:46:24,466 INFO o.a.j.JMeter: java.awt.headless=true
2025-09-20 10:46:24,466 INFO o.a.j.JMeter: Max memory     =8589934592
2025-09-20 10:46:24,466 INFO o.a.j.JMeter: Available Processors =11
2025-09-20 10:46:24,469 INFO o.a.j.JMeter: Default Locale=English (EN)
2025-09-20 10:46:24,470 INFO o.a.j.JMeter: JMeter  Locale=English (EN)
2025-09-20 10:46:24,470 INFO o.a.j.JMeter: JMeterHome=/opt/homebrew/Cellar/jmeter/5.6.3/libexec
2025-09-20 10:46:24,470 INFO o.a.j.JMeter: user.dir  =/Users/shubham/urlshortner/tinyurl
2025-09-20 10:46:24,470 INFO o.a.j.JMeter: PWD       =/Users/shubham/urlshortner/tinyurl
2025-09-20 10:46:24,491 INFO o.a.j.JMeter: IP: 192.168.1.75 Name: Shubhams-MacBook-Pro.local FullName: 192.168.1.75
2025-09-20 10:46:24,495 INFO o.a.j.s.FileServer: Default base='/Users/shubham/urlshortner/tinyurl'
2025-09-20 10:46:24,496 INFO o.a.j.s.FileServer: Set new base='/Users/shubham/urlshortner/tinyurl'
2025-09-20 10:46:24,558 INFO o.a.j.s.SaveService: Testplan (JMX) version: 2.2. Testlog (JTL) version: 2.2
2025-09-20 10:46:24,576 INFO o.a.j.s.SaveService: Using SaveService properties version 5.0
2025-09-20 10:46:24,577 INFO o.a.j.s.SaveService: Using SaveService properties file encoding UTF-8
2025-09-20 10:46:24,578 INFO o.a.j.s.SaveService: Loading file: LoadTestingUrlShortner.jmx
2025-09-20 10:46:24,602 INFO o.a.j.p.h.s.HTTPSamplerBase: Parser for text/html is org.apache.jmeter.protocol.http.parser.LagartoBasedHtmlParser
2025-09-20 10:46:24,602 INFO o.a.j.p.h.s.HTTPSamplerBase: Parser for application/xhtml+xml is org.apache.jmeter.protocol.http.parser.LagartoBasedHtmlParser
2025-09-20 10:46:24,602 INFO o.a.j.p.h.s.HTTPSamplerBase: Parser for application/xml is org.apache.jmeter.protocol.http.parser.LagartoBasedHtmlParser
2025-09-20 10:46:24,602 INFO o.a.j.p.h.s.HTTPSamplerBase: Parser for text/xml is org.apache.jmeter.protocol.http.parser.LagartoBasedHtmlParser
2025-09-20 10:46:24,602 INFO o.a.j.p.h.s.HTTPSamplerBase: Parser for text/vnd.wap.wml is org.apache.jmeter.protocol.http.parser.RegexpHTMLParser
2025-09-20 10:46:24,602 INFO o.a.j.p.h.s.HTTPSamplerBase: Parser for text/css is org.apache.jmeter.protocol.http.parser.CssParser
2025-09-20 10:46:24,611 INFO o.a.j.JMeter: Creating summariser <summary>
2025-09-20 10:46:24,615 INFO o.a.j.e.StandardJMeterEngine: Running the test!
2025-09-20 10:46:24,615 INFO o.a.j.s.SampleEvent: List of sample_variables: []
2025-09-20 10:46:24,616 INFO o.a.j.s.SampleEvent: List of sample_variables: []
2025-09-20 10:46:24,617 INFO o.a.j.e.u.CompoundVariable: Note: Function class names must contain the string: '.functions.'
2025-09-20 10:46:24,617 INFO o.a.j.e.u.CompoundVariable: Note: Function class names must not contain the string: '.gui.'
2025-09-20 10:46:24,636 INFO o.a.j.r.ClassFinder: Will scan jar /opt/homebrew/Cellar/jmeter/5.6.3/libexec/lib/ext/jmeter-plugins-manager-1.9.jar with filter ExtendsClassFilter [parents=[interface org.apache.jmeter.functions.Function], inner=false, contains=null, notContains=null]. Consider exposing JMeter plugins via META-INF/services, and add JMeter-Skip-Class-Scanning=true manifest attribute so JMeter can skip classfile scanning
2025-09-20 10:46:24,668 INFO o.a.j.JMeter: Running test (1758345384668)
2025-09-20 10:46:24,675 INFO o.a.j.e.StandardJMeterEngine: Starting ThreadGroup: 1 : 10000000
2025-09-20 10:46:24,676 INFO o.a.j.e.StandardJMeterEngine: Starting 100 threads for group 10000000.
2025-09-20 10:46:24,676 INFO o.a.j.e.StandardJMeterEngine: Thread will continue on error
2025-09-20 10:46:24,676 INFO o.a.j.t.ThreadGroup: Starting thread group... number=1 threads=100 ramp-up=1 delayedStart=false
2025-09-20 10:46:24,678 INFO o.a.j.t.JMeterThread: Thread started: 10000000 1-1
2025-09-20 10:46:24,685 INFO o.a.j.p.h.s.HTTPHCAbstractImpl: Local host = Shubhams-MacBook-Pro.local
2025-09-20 10:46:24,687 INFO o.a.j.p.h.s.HTTPHC4Impl: HTTP request retry count = 0
2025-09-20 10:46:24,687 INFO o.a.j.s.SampleResult: Note: Sample TimeStamps are START times
2025-09-20 10:46:24,687 INFO o.a.j.t.ThreadGroup: Started thread group number 1
2025-09-20 10:46:24,687 INFO o.a.j.s.SampleResult: sampleresult.default.encoding is set to UTF-8
2025-09-20 10:46:24,687 INFO o.a.j.e.StandardJMeterEngine: All thread groups have been started
2025-09-20 10:46:24,687 INFO o.a.j.s.SampleResult: sampleresult.useNanoTime=true
2025-09-20 10:46:24,687 INFO o.a.j.s.SampleResult: sampleresult.nanoThreadSleep=5000
2025-09-20 10:46:24,689 INFO o.a.j.t.JMeterThread: Thread started: 10000000 1-2
2025-09-20 10:46:24,702 INFO o.a.j.t.JMeterThread: Thread started: 10000000 1-3
2025-09-20 10:46:24,709 INFO o.a.j.t.JMeterThread: Thread started: 10000000 1-4
2025-09-20 10:46:24,722 INFO o.a.j.t.JMeterThread: Thread started: 10000000 1-5
2025-09-20 10:46:24,731 INFO o.a.j.t.JMeterThread: Thread started: 10000000 1-6
2025-09-20 10:46:24,741 INFO o.a.j.t.JMeterThread: Thread started: 10000000 1-7
2025-09-20 10:46:24,750 INFO o.a.j.t.JMeterThread: Thread started: 10000000 1-8
2025-09-20 10:46:24,760 INFO o.a.j.t.JMeterThread: Thread started: 10000000 1-9
2025-09-20 10:46:24,767 INFO o.a.j.t.JMeterThread: Thread started: 10000000 1-10
2025-09-20 10:46:24,782 INFO o.a.j.t.JMeterThread: Thread started: 10000000 1-11
2025-09-20 10:46:24,789 INFO o.a.j.t.JMeterThread: Thread started: 10000000 1-12
2025-09-20 10:46:24,800 INFO o.a.j.t.JMeterThread: Thread started: 10000000 1-13
2025-09-20 10:46:24,808 INFO o.a.j.t.JMeterThread: Thread started: 10000000 1-14
2025-09-20 10:46:24,822 INFO o.a.j.t.JMeterThread: Thread started: 10000000 1-15
2025-09-20 10:46:24,832 INFO o.a.j.t.JMeterThread: Thread started: 10000000 1-16
2025-09-20 10:46:24,840 INFO o.a.j.t.JMeterThread: Thread started: 10000000 1-17
2025-09-20 10:46:24,852 INFO o.a.j.t.JMeterThread: Thread started: 10000000 1-18
2025-09-20 10:46:24,859 INFO o.a.j.t.JMeterThread: Thread started: 10000000 1-19
2025-09-20 10:46:24,872 INFO o.a.j.t.JMeterThread: Thread started: 10000000 1-20
2025-09-20 10:46:24,881 INFO o.a.j.t.JMeterThread: Thread started: 10000000 1-21
2025-09-20 10:46:24,889 INFO o.a.j.t.JMeterThread: Thread started: 10000000 1-22
2025-09-20 10:46:24,896 INFO o.a.j.t.JMeterThread: Thread started: 10000000 1-23
2025-09-20 10:46:24,909 INFO o.a.j.t.JMeterThread: Thread started: 10000000 1-24
2025-09-20 10:46:24,919 INFO o.a.j.t.JMeterThread: Thread started: 10000000 1-25
2025-09-20 10:46:24,929 INFO o.a.j.t.JMeterThread: Thread started: 10000000 1-26
2025-09-20 10:46:24,942 INFO o.a.j.t.JMeterThread: Thread started: 10000000 1-27
2025-09-20 10:46:24,948 INFO o.a.j.t.JMeterThread: Thread started: 10000000 1-28
2025-09-20 10:46:24,960 INFO o.a.j.t.JMeterThread: Thread started: 10000000 1-29
2025-09-20 10:46:24,969 INFO o.a.j.t.JMeterThread: Thread started: 10000000 1-30
2025-09-20 10:46:24,982 INFO o.a.j.t.JMeterThread: Thread started: 10000000 1-31
2025-09-20 10:46:24,991 INFO o.a.j.t.JMeterThread: Thread started: 10000000 1-32
2025-09-20 10:46:25,001 INFO o.a.j.t.JMeterThread: Thread started: 10000000 1-33
2025-09-20 10:46:25,008 INFO o.a.j.t.JMeterThread: Thread started: 10000000 1-34
2025-09-20 10:46:25,019 INFO o.a.j.t.JMeterThread: Thread started: 10000000 1-35
2025-09-20 10:46:25,031 INFO o.a.j.t.JMeterThread: Thread started: 10000000 1-36
2025-09-20 10:46:25,040 INFO o.a.j.t.JMeterThread: Thread started: 10000000 1-37
2025-09-20 10:46:25,050 INFO o.a.j.t.JMeterThread: Thread started: 10000000 1-38
2025-09-20 10:46:25,057 INFO o.a.j.t.JMeterThread: Thread started: 10000000 1-39
2025-09-20 10:46:25,067 INFO o.a.j.t.JMeterThread: Thread started: 10000000 1-40
2025-09-20 10:46:25,081 INFO o.a.j.t.JMeterThread: Thread started: 10000000 1-41
2025-09-20 10:46:25,090 INFO o.a.j.t.JMeterThread: Thread started: 10000000 1-42
2025-09-20 10:46:25,097 INFO o.a.j.t.JMeterThread: Thread started: 10000000 1-43
2025-09-20 10:46:25,111 INFO o.a.j.t.JMeterThread: Thread started: 10000000 1-44
2025-09-20 10:46:25,118 INFO o.a.j.t.JMeterThread: Thread started: 10000000 1-45
2025-09-20 10:46:25,131 INFO o.a.j.t.JMeterThread: Thread started: 10000000 1-46
2025-09-20 10:46:25,138 INFO o.a.j.t.JMeterThread: Thread started: 10000000 1-47
2025-09-20 10:46:25,147 INFO o.a.j.t.JMeterThread: Thread started: 10000000 1-48
2025-09-20 10:46:25,157 INFO o.a.j.t.JMeterThread: Thread started: 10000000 1-49
2025-09-20 10:46:25,170 INFO o.a.j.t.JMeterThread: Thread started: 10000000 1-50
2025-09-20 10:46:25,181 INFO o.a.j.t.JMeterThread: Thread started: 10000000 1-51
2025-09-20 10:46:25,190 INFO o.a.j.t.JMeterThread: Thread started: 10000000 1-52
2025-09-20 10:46:25,199 INFO o.a.j.t.JMeterThread: Thread started: 10000000 1-53
2025-09-20 10:46:25,208 INFO o.a.j.t.JMeterThread: Thread started: 10000000 1-54
2025-09-20 10:46:25,217 INFO o.a.j.t.JMeterThread: Thread started: 10000000 1-55
2025-09-20 10:46:25,230 INFO o.a.j.t.JMeterThread: Thread started: 10000000 1-56
2025-09-20 10:46:25,237 INFO o.a.j.t.JMeterThread: Thread started: 10000000 1-57
2025-09-20 10:46:25,252 INFO o.a.j.t.JMeterThread: Thread started: 10000000 1-58
2025-09-20 10:46:25,260 INFO o.a.j.t.JMeterThread: Thread started: 10000000 1-59
2025-09-20 10:46:25,267 INFO o.a.j.t.JMeterThread: Thread started: 10000000 1-60
2025-09-20 10:46:25,277 INFO o.a.j.t.JMeterThread: Thread started: 10000000 1-61
2025-09-20 10:46:25,287 INFO o.a.j.t.JMeterThread: Thread started: 10000000 1-62
2025-09-20 10:46:25,297 INFO o.a.j.t.JMeterThread: Thread started: 10000000 1-63
2025-09-20 10:46:25,306 INFO o.a.j.t.JMeterThread: Thread started: 10000000 1-64
2025-09-20 10:46:25,321 INFO o.a.j.t.JMeterThread: Thread started: 10000000 1-65
2025-09-20 10:46:25,330 INFO o.a.j.t.JMeterThread: Thread started: 10000000 1-66
2025-09-20 10:46:25,337 INFO o.a.j.t.JMeterThread: Thread started: 10000000 1-67
2025-09-20 10:46:25,347 INFO o.a.j.t.JMeterThread: Thread started: 10000000 1-68
2025-09-20 10:46:25,359 INFO o.a.j.t.JMeterThread: Thread started: 10000000 1-69
2025-09-20 10:46:25,369 INFO o.a.j.t.JMeterThread: Thread started: 10000000 1-70
2025-09-20 10:46:25,378 INFO o.a.j.t.JMeterThread: Thread started: 10000000 1-71
2025-09-20 10:46:25,389 INFO o.a.j.t.JMeterThread: Thread started: 10000000 1-72
2025-09-20 10:46:25,397 INFO o.a.j.t.JMeterThread: Thread started: 10000000 1-73
2025-09-20 10:46:25,411 INFO o.a.j.t.JMeterThread: Thread started: 10000000 1-74
2025-09-20 10:46:25,420 INFO o.a.j.t.JMeterThread: Thread started: 10000000 1-75
2025-09-20 10:46:25,430 INFO o.a.j.t.JMeterThread: Thread started: 10000000 1-76
2025-09-20 10:46:25,437 INFO o.a.j.t.JMeterThread: Thread started: 10000000 1-77
2025-09-20 10:46:25,447 INFO o.a.j.t.JMeterThread: Thread started: 10000000 1-78
2025-09-20 10:46:25,461 INFO o.a.j.t.JMeterThread: Thread started: 10000000 1-79
2025-09-20 10:46:25,471 INFO o.a.j.t.JMeterThread: Thread started: 10000000 1-80
2025-09-20 10:46:25,481 INFO o.a.j.t.JMeterThread: Thread started: 10000000 1-81
2025-09-20 10:46:25,492 INFO o.a.j.t.JMeterThread: Thread started: 10000000 1-82
2025-09-20 10:46:25,505 INFO o.a.j.t.JMeterThread: Thread started: 10000000 1-83
2025-09-20 10:46:25,511 INFO o.a.j.t.JMeterThread: Thread started: 10000000 1-84
2025-09-20 10:46:25,517 INFO o.a.j.t.JMeterThread: Thread started: 10000000 1-85
2025-09-20 10:46:25,531 INFO o.a.j.t.JMeterThread: Thread started: 10000000 1-86
2025-09-20 10:46:25,539 INFO o.a.j.t.JMeterThread: Thread started: 10000000 1-87
2025-09-20 10:46:25,548 INFO o.a.j.t.JMeterThread: Thread started: 10000000 1-88
2025-09-20 10:46:25,559 INFO o.a.j.t.JMeterThread: Thread started: 10000000 1-89
2025-09-20 10:46:25,569 INFO o.a.j.t.JMeterThread: Thread started: 10000000 1-90
2025-09-20 10:46:25,577 INFO o.a.j.t.JMeterThread: Thread started: 10000000 1-91
2025-09-20 10:46:25,590 INFO o.a.j.t.JMeterThread: Thread started: 10000000 1-92
2025-09-20 10:46:25,600 INFO o.a.j.t.JMeterThread: Thread started: 10000000 1-93
2025-09-20 10:46:25,611 INFO o.a.j.t.JMeterThread: Thread started: 10000000 1-94
2025-09-20 10:46:25,619 INFO o.a.j.t.JMeterThread: Thread started: 10000000 1-95
2025-09-20 10:46:25,628 INFO o.a.j.t.JMeterThread: Thread started: 10000000 1-96
2025-09-20 10:46:25,639 INFO o.a.j.t.JMeterThread: Thread started: 10000000 1-97
2025-09-20 10:46:25,648 INFO o.a.j.t.JMeterThread: Thread started: 10000000 1-98
2025-09-20 10:46:25,658 INFO o.a.j.t.JMeterThread: Thread started: 10000000 1-99
2025-09-20 10:46:25,669 INFO o.a.j.t.JMeterThread: Thread started: 10000000 1-100
2025-09-20 10:46:30,001 INFO o.a.j.r.Summariser: summary +  85519 in 00:00:05 = 16038.8/s Avg:     4 Min:     0 Max:   190 Err:     0 (0.00%) Active: 100 Started: 100 Finished: 0
2025-09-20 10:46:30,163 INFO o.a.j.t.JMeterThread: Thread is done: 10000000 1-19
2025-09-20 10:46:30,164 INFO o.a.j.t.JMeterThread: Thread finished: 10000000 1-19
2025-09-20 10:46:30,179 INFO o.a.j.t.JMeterThread: Thread is done: 10000000 1-8
2025-09-20 10:46:30,179 INFO o.a.j.t.JMeterThread: Thread finished: 10000000 1-8
2025-09-20 10:46:30,216 INFO o.a.j.t.JMeterThread: Thread is done: 10000000 1-7
2025-09-20 10:46:30,217 INFO o.a.j.t.JMeterThread: Thread finished: 10000000 1-7
2025-09-20 10:46:30,242 INFO o.a.j.t.JMeterThread: Thread is done: 10000000 1-21
2025-09-20 10:46:30,243 INFO o.a.j.t.JMeterThread: Thread finished: 10000000 1-21
2025-09-20 10:46:30,260 INFO o.a.j.t.JMeterThread: Thread is done: 10000000 1-3
2025-09-20 10:46:30,260 INFO o.a.j.t.JMeterThread: Thread finished: 10000000 1-3
2025-09-20 10:46:30,267 INFO o.a.j.t.JMeterThread: Thread is done: 10000000 1-4
2025-09-20 10:46:30,267 INFO o.a.j.t.JMeterThread: Thread finished: 10000000 1-4
2025-09-20 10:46:30,277 INFO o.a.j.t.JMeterThread: Thread is done: 10000000 1-14
2025-09-20 10:46:30,277 INFO o.a.j.t.JMeterThread: Thread finished: 10000000 1-14
2025-09-20 10:46:30,287 INFO o.a.j.t.JMeterThread: Thread is done: 10000000 1-18
2025-09-20 10:46:30,287 INFO o.a.j.t.JMeterThread: Thread finished: 10000000 1-18
2025-09-20 10:46:30,316 INFO o.a.j.t.JMeterThread: Thread is done: 10000000 1-23
2025-09-20 10:46:30,316 INFO o.a.j.t.JMeterThread: Thread finished: 10000000 1-23
2025-09-20 10:46:30,319 INFO o.a.j.t.JMeterThread: Thread is done: 10000000 1-10
2025-09-20 10:46:30,320 INFO o.a.j.t.JMeterThread: Thread finished: 10000000 1-10
2025-09-20 10:46:30,321 INFO o.a.j.t.JMeterThread: Thread is done: 10000000 1-22
2025-09-20 10:46:30,321 INFO o.a.j.t.JMeterThread: Thread finished: 10000000 1-22
2025-09-20 10:46:30,322 INFO o.a.j.t.JMeterThread: Thread is done: 10000000 1-44
2025-09-20 10:46:30,322 INFO o.a.j.t.JMeterThread: Thread finished: 10000000 1-44
2025-09-20 10:46:30,344 INFO o.a.j.t.JMeterThread: Thread is done: 10000000 1-5
2025-09-20 10:46:30,344 INFO o.a.j.t.JMeterThread: Thread finished: 10000000 1-5
2025-09-20 10:46:30,345 INFO o.a.j.t.JMeterThread: Thread is done: 10000000 1-17
2025-09-20 10:46:30,345 INFO o.a.j.t.JMeterThread: Thread finished: 10000000 1-17
2025-09-20 10:46:30,346 INFO o.a.j.t.JMeterThread: Thread is done: 10000000 1-15
2025-09-20 10:46:30,346 INFO o.a.j.t.JMeterThread: Thread finished: 10000000 1-15
2025-09-20 10:46:30,357 INFO o.a.j.t.JMeterThread: Thread is done: 10000000 1-6
2025-09-20 10:46:30,357 INFO o.a.j.t.JMeterThread: Thread finished: 10000000 1-6
2025-09-20 10:46:30,371 INFO o.a.j.t.JMeterThread: Thread is done: 10000000 1-26
2025-09-20 10:46:30,371 INFO o.a.j.t.JMeterThread: Thread finished: 10000000 1-26
2025-09-20 10:46:30,383 INFO o.a.j.t.JMeterThread: Thread is done: 10000000 1-1
2025-09-20 10:46:30,384 INFO o.a.j.t.JMeterThread: Thread finished: 10000000 1-1
2025-09-20 10:46:30,384 INFO o.a.j.t.JMeterThread: Thread is done: 10000000 1-30
2025-09-20 10:46:30,385 INFO o.a.j.t.JMeterThread: Thread finished: 10000000 1-30
2025-09-20 10:46:30,394 INFO o.a.j.t.JMeterThread: Thread is done: 10000000 1-20
2025-09-20 10:46:30,394 INFO o.a.j.t.JMeterThread: Thread finished: 10000000 1-20
2025-09-20 10:46:30,394 INFO o.a.j.t.JMeterThread: Thread is done: 10000000 1-33
2025-09-20 10:46:30,394 INFO o.a.j.t.JMeterThread: Thread finished: 10000000 1-33
2025-09-20 10:46:30,402 INFO o.a.j.t.JMeterThread: Thread is done: 10000000 1-9
2025-09-20 10:46:30,402 INFO o.a.j.t.JMeterThread: Thread finished: 10000000 1-9
2025-09-20 10:46:30,402 INFO o.a.j.t.JMeterThread: Thread is done: 10000000 1-24
2025-09-20 10:46:30,402 INFO o.a.j.t.JMeterThread: Thread finished: 10000000 1-24
2025-09-20 10:46:30,403 INFO o.a.j.t.JMeterThread: Thread is done: 10000000 1-2
2025-09-20 10:46:30,403 INFO o.a.j.t.JMeterThread: Thread finished: 10000000 1-2
2025-09-20 10:46:30,407 INFO o.a.j.t.JMeterThread: Thread is done: 10000000 1-13
2025-09-20 10:46:30,407 INFO o.a.j.t.JMeterThread: Thread finished: 10000000 1-13
2025-09-20 10:46:30,408 INFO o.a.j.t.JMeterThread: Thread is done: 10000000 1-27
2025-09-20 10:46:30,408 INFO o.a.j.t.JMeterThread: Thread finished: 10000000 1-27
2025-09-20 10:46:30,412 INFO o.a.j.t.JMeterThread: Thread is done: 10000000 1-16
2025-09-20 10:46:30,413 INFO o.a.j.t.JMeterThread: Thread finished: 10000000 1-16
2025-09-20 10:46:30,413 INFO o.a.j.t.JMeterThread: Thread is done: 10000000 1-12
2025-09-20 10:46:30,413 INFO o.a.j.t.JMeterThread: Thread finished: 10000000 1-12
2025-09-20 10:46:30,416 INFO o.a.j.t.JMeterThread: Thread is done: 10000000 1-34
2025-09-20 10:46:30,416 INFO o.a.j.t.JMeterThread: Thread finished: 10000000 1-34
2025-09-20 10:46:30,418 INFO o.a.j.t.JMeterThread: Thread is done: 10000000 1-43
2025-09-20 10:46:30,419 INFO o.a.j.t.JMeterThread: Thread finished: 10000000 1-43
2025-09-20 10:46:30,424 INFO o.a.j.t.JMeterThread: Thread is done: 10000000 1-32
2025-09-20 10:46:30,424 INFO o.a.j.t.JMeterThread: Thread finished: 10000000 1-32
2025-09-20 10:46:30,432 INFO o.a.j.t.JMeterThread: Thread is done: 10000000 1-11
2025-09-20 10:46:30,432 INFO o.a.j.t.JMeterThread: Thread finished: 10000000 1-11
2025-09-20 10:46:30,439 INFO o.a.j.t.JMeterThread: Thread is done: 10000000 1-55
2025-09-20 10:46:30,439 INFO o.a.j.t.JMeterThread: Thread finished: 10000000 1-55
2025-09-20 10:46:30,440 INFO o.a.j.t.JMeterThread: Thread is done: 10000000 1-25
2025-09-20 10:46:30,440 INFO o.a.j.t.JMeterThread: Thread finished: 10000000 1-25
2025-09-20 10:46:30,442 INFO o.a.j.t.JMeterThread: Thread is done: 10000000 1-39
2025-09-20 10:46:30,442 INFO o.a.j.t.JMeterThread: Thread finished: 10000000 1-39
2025-09-20 10:46:30,448 INFO o.a.j.t.JMeterThread: Thread is done: 10000000 1-51
2025-09-20 10:46:30,448 INFO o.a.j.t.JMeterThread: Thread finished: 10000000 1-51
2025-09-20 10:46:30,452 INFO o.a.j.t.JMeterThread: Thread is done: 10000000 1-59
2025-09-20 10:46:30,452 INFO o.a.j.t.JMeterThread: Thread finished: 10000000 1-59
2025-09-20 10:46:30,455 INFO o.a.j.t.JMeterThread: Thread is done: 10000000 1-49
2025-09-20 10:46:30,455 INFO o.a.j.t.JMeterThread: Thread finished: 10000000 1-49
2025-09-20 10:46:30,457 INFO o.a.j.t.JMeterThread: Thread is done: 10000000 1-69
2025-09-20 10:46:30,457 INFO o.a.j.t.JMeterThread: Thread finished: 10000000 1-69
2025-09-20 10:46:30,467 INFO o.a.j.t.JMeterThread: Thread is done: 10000000 1-35
2025-09-20 10:46:30,467 INFO o.a.j.t.JMeterThread: Thread finished: 10000000 1-35
2025-09-20 10:46:30,469 INFO o.a.j.t.JMeterThread: Thread is done: 10000000 1-41
2025-09-20 10:46:30,469 INFO o.a.j.t.JMeterThread: Thread finished: 10000000 1-41
2025-09-20 10:46:30,473 INFO o.a.j.t.JMeterThread: Thread is done: 10000000 1-45
2025-09-20 10:46:30,473 INFO o.a.j.t.JMeterThread: Thread finished: 10000000 1-45
2025-09-20 10:46:30,474 INFO o.a.j.t.JMeterThread: Thread is done: 10000000 1-58
2025-09-20 10:46:30,474 INFO o.a.j.t.JMeterThread: Thread finished: 10000000 1-58
2025-09-20 10:46:30,480 INFO o.a.j.t.JMeterThread: Thread is done: 10000000 1-28
2025-09-20 10:46:30,480 INFO o.a.j.t.JMeterThread: Thread finished: 10000000 1-28
2025-09-20 10:46:30,480 INFO o.a.j.t.JMeterThread: Thread is done: 10000000 1-52
2025-09-20 10:46:30,480 INFO o.a.j.t.JMeterThread: Thread finished: 10000000 1-52
2025-09-20 10:46:30,481 INFO o.a.j.t.JMeterThread: Thread is done: 10000000 1-36
2025-09-20 10:46:30,481 INFO o.a.j.t.JMeterThread: Thread finished: 10000000 1-36
2025-09-20 10:46:30,483 INFO o.a.j.t.JMeterThread: Thread is done: 10000000 1-66
2025-09-20 10:46:30,483 INFO o.a.j.t.JMeterThread: Thread finished: 10000000 1-66
2025-09-20 10:46:30,487 INFO o.a.j.t.JMeterThread: Thread is done: 10000000 1-73
2025-09-20 10:46:30,487 INFO o.a.j.t.JMeterThread: Thread finished: 10000000 1-73
2025-09-20 10:46:30,490 INFO o.a.j.t.JMeterThread: Thread is done: 10000000 1-40
2025-09-20 10:46:30,490 INFO o.a.j.t.JMeterThread: Thread finished: 10000000 1-40
2025-09-20 10:46:30,492 INFO o.a.j.t.JMeterThread: Thread is done: 10000000 1-53
2025-09-20 10:46:30,492 INFO o.a.j.t.JMeterThread: Thread finished: 10000000 1-53
2025-09-20 10:46:30,493 INFO o.a.j.t.JMeterThread: Thread is done: 10000000 1-37
2025-09-20 10:46:30,493 INFO o.a.j.t.JMeterThread: Thread finished: 10000000 1-37
2025-09-20 10:46:30,497 INFO o.a.j.t.JMeterThread: Thread is done: 10000000 1-29
2025-09-20 10:46:30,497 INFO o.a.j.t.JMeterThread: Thread finished: 10000000 1-29
2025-09-20 10:46:30,500 INFO o.a.j.t.JMeterThread: Thread is done: 10000000 1-47
2025-09-20 10:46:30,500 INFO o.a.j.t.JMeterThread: Thread finished: 10000000 1-47
2025-09-20 10:46:30,504 INFO o.a.j.t.JMeterThread: Thread is done: 10000000 1-31
2025-09-20 10:46:30,504 INFO o.a.j.t.JMeterThread: Thread finished: 10000000 1-31
2025-09-20 10:46:30,508 INFO o.a.j.t.JMeterThread: Thread is done: 10000000 1-57
2025-09-20 10:46:30,508 INFO o.a.j.t.JMeterThread: Thread finished: 10000000 1-57
2025-09-20 10:46:30,508 INFO o.a.j.t.JMeterThread: Thread is done: 10000000 1-82
2025-09-20 10:46:30,508 INFO o.a.j.t.JMeterThread: Thread finished: 10000000 1-82
2025-09-20 10:46:30,512 INFO o.a.j.t.JMeterThread: Thread is done: 10000000 1-38
2025-09-20 10:46:30,512 INFO o.a.j.t.JMeterThread: Thread finished: 10000000 1-38
2025-09-20 10:46:30,514 INFO o.a.j.t.JMeterThread: Thread is done: 10000000 1-79
2025-09-20 10:46:30,514 INFO o.a.j.t.JMeterThread: Thread finished: 10000000 1-79
2025-09-20 10:46:30,523 INFO o.a.j.t.JMeterThread: Thread is done: 10000000 1-67
2025-09-20 10:46:30,523 INFO o.a.j.t.JMeterThread: Thread finished: 10000000 1-67
2025-09-20 10:46:30,526 INFO o.a.j.t.JMeterThread: Thread is done: 10000000 1-80
2025-09-20 10:46:30,526 INFO o.a.j.t.JMeterThread: Thread finished: 10000000 1-80
2025-09-20 10:46:30,528 INFO o.a.j.t.JMeterThread: Thread is done: 10000000 1-84
2025-09-20 10:46:30,528 INFO o.a.j.t.JMeterThread: Thread finished: 10000000 1-84
2025-09-20 10:46:30,529 INFO o.a.j.t.JMeterThread: Thread is done: 10000000 1-48
2025-09-20 10:46:30,529 INFO o.a.j.t.JMeterThread: Thread finished: 10000000 1-48
2025-09-20 10:46:30,533 INFO o.a.j.t.JMeterThread: Thread is done: 10000000 1-64
2025-09-20 10:46:30,533 INFO o.a.j.t.JMeterThread: Thread finished: 10000000 1-64
2025-09-20 10:46:30,534 INFO o.a.j.t.JMeterThread: Thread is done: 10000000 1-61
2025-09-20 10:46:30,534 INFO o.a.j.t.JMeterThread: Thread finished: 10000000 1-61
2025-09-20 10:46:30,536 INFO o.a.j.t.JMeterThread: Thread is done: 10000000 1-42
2025-09-20 10:46:30,536 INFO o.a.j.t.JMeterThread: Thread finished: 10000000 1-42
2025-09-20 10:46:30,538 INFO o.a.j.t.JMeterThread: Thread is done: 10000000 1-62
2025-09-20 10:46:30,538 INFO o.a.j.t.JMeterThread: Thread finished: 10000000 1-62
2025-09-20 10:46:30,539 INFO o.a.j.t.JMeterThread: Thread is done: 10000000 1-56
2025-09-20 10:46:30,540 INFO o.a.j.t.JMeterThread: Thread finished: 10000000 1-56
2025-09-20 10:46:30,547 INFO o.a.j.t.JMeterThread: Thread is done: 10000000 1-83
2025-09-20 10:46:30,547 INFO o.a.j.t.JMeterThread: Thread finished: 10000000 1-83
2025-09-20 10:46:30,550 INFO o.a.j.t.JMeterThread: Thread is done: 10000000 1-68
2025-09-20 10:46:30,550 INFO o.a.j.t.JMeterThread: Thread finished: 10000000 1-68
2025-09-20 10:46:30,550 INFO o.a.j.t.JMeterThread: Thread is done: 10000000 1-87
2025-09-20 10:46:30,550 INFO o.a.j.t.JMeterThread: Thread finished: 10000000 1-87
2025-09-20 10:46:30,551 INFO o.a.j.t.JMeterThread: Thread is done: 10000000 1-75
2025-09-20 10:46:30,551 INFO o.a.j.t.JMeterThread: Thread finished: 10000000 1-75
2025-09-20 10:46:30,551 INFO o.a.j.t.JMeterThread: Thread is done: 10000000 1-54
2025-09-20 10:46:30,551 INFO o.a.j.t.JMeterThread: Thread finished: 10000000 1-54
2025-09-20 10:46:30,551 INFO o.a.j.t.JMeterThread: Thread is done: 10000000 1-46
2025-09-20 10:46:30,552 INFO o.a.j.t.JMeterThread: Thread finished: 10000000 1-46
2025-09-20 10:46:30,552 INFO o.a.j.t.JMeterThread: Thread is done: 10000000 1-78
2025-09-20 10:46:30,552 INFO o.a.j.t.JMeterThread: Thread finished: 10000000 1-78
2025-09-20 10:46:30,553 INFO o.a.j.t.JMeterThread: Thread is done: 10000000 1-63
2025-09-20 10:46:30,553 INFO o.a.j.t.JMeterThread: Thread finished: 10000000 1-63
2025-09-20 10:46:30,553 INFO o.a.j.t.JMeterThread: Thread is done: 10000000 1-71
2025-09-20 10:46:30,553 INFO o.a.j.t.JMeterThread: Thread finished: 10000000 1-71
2025-09-20 10:46:30,555 INFO o.a.j.t.JMeterThread: Thread is done: 10000000 1-77
2025-09-20 10:46:30,555 INFO o.a.j.t.JMeterThread: Thread finished: 10000000 1-77
2025-09-20 10:46:30,555 INFO o.a.j.t.JMeterThread: Thread is done: 10000000 1-76
2025-09-20 10:46:30,555 INFO o.a.j.t.JMeterThread: Thread finished: 10000000 1-76
2025-09-20 10:46:30,557 INFO o.a.j.t.JMeterThread: Thread is done: 10000000 1-98
2025-09-20 10:46:30,557 INFO o.a.j.t.JMeterThread: Thread finished: 10000000 1-98
2025-09-20 10:46:30,558 INFO o.a.j.t.JMeterThread: Thread is done: 10000000 1-70
2025-09-20 10:46:30,558 INFO o.a.j.t.JMeterThread: Thread finished: 10000000 1-70
2025-09-20 10:46:30,559 INFO o.a.j.t.JMeterThread: Thread is done: 10000000 1-85
2025-09-20 10:46:30,560 INFO o.a.j.t.JMeterThread: Thread finished: 10000000 1-85
2025-09-20 10:46:30,562 INFO o.a.j.t.JMeterThread: Thread is done: 10000000 1-90
2025-09-20 10:46:30,562 INFO o.a.j.t.JMeterThread: Thread finished: 10000000 1-90
2025-09-20 10:46:30,562 INFO o.a.j.t.JMeterThread: Thread is done: 10000000 1-72
2025-09-20 10:46:30,562 INFO o.a.j.t.JMeterThread: Thread finished: 10000000 1-72
2025-09-20 10:46:30,563 INFO o.a.j.t.JMeterThread: Thread is done: 10000000 1-50
2025-09-20 10:46:30,563 INFO o.a.j.t.JMeterThread: Thread finished: 10000000 1-50
2025-09-20 10:46:30,566 INFO o.a.j.t.JMeterThread: Thread is done: 10000000 1-86
2025-09-20 10:46:30,566 INFO o.a.j.t.JMeterThread: Thread finished: 10000000 1-86
2025-09-20 10:46:30,569 INFO o.a.j.t.JMeterThread: Thread is done: 10000000 1-65
2025-09-20 10:46:30,569 INFO o.a.j.t.JMeterThread: Thread is done: 10000000 1-60
2025-09-20 10:46:30,569 INFO o.a.j.t.JMeterThread: Thread finished: 10000000 1-65
2025-09-20 10:46:30,569 INFO o.a.j.t.JMeterThread: Thread finished: 10000000 1-60
2025-09-20 10:46:30,569 INFO o.a.j.t.JMeterThread: Thread is done: 10000000 1-89
2025-09-20 10:46:30,569 INFO o.a.j.t.JMeterThread: Thread finished: 10000000 1-89
2025-09-20 10:46:30,569 INFO o.a.j.t.JMeterThread: Thread is done: 10000000 1-94
2025-09-20 10:46:30,569 INFO o.a.j.t.JMeterThread: Thread finished: 10000000 1-94
2025-09-20 10:46:30,570 INFO o.a.j.t.JMeterThread: Thread is done: 10000000 1-92
2025-09-20 10:46:30,570 INFO o.a.j.t.JMeterThread: Thread finished: 10000000 1-92
2025-09-20 10:46:30,571 INFO o.a.j.t.JMeterThread: Thread is done: 10000000 1-93
2025-09-20 10:46:30,571 INFO o.a.j.t.JMeterThread: Thread is done: 10000000 1-88
2025-09-20 10:46:30,572 INFO o.a.j.t.JMeterThread: Thread finished: 10000000 1-93
2025-09-20 10:46:30,572 INFO o.a.j.t.JMeterThread: Thread finished: 10000000 1-88
2025-09-20 10:46:30,573 INFO o.a.j.t.JMeterThread: Thread is done: 10000000 1-91
2025-09-20 10:46:30,573 INFO o.a.j.t.JMeterThread: Thread finished: 10000000 1-91
2025-09-20 10:46:30,574 INFO o.a.j.t.JMeterThread: Thread is done: 10000000 1-99
2025-09-20 10:46:30,574 INFO o.a.j.t.JMeterThread: Thread finished: 10000000 1-99
2025-09-20 10:46:30,574 INFO o.a.j.t.JMeterThread: Thread is done: 10000000 1-81
2025-09-20 10:46:30,574 INFO o.a.j.t.JMeterThread: Thread finished: 10000000 1-81
2025-09-20 10:46:30,574 INFO o.a.j.t.JMeterThread: Thread is done: 10000000 1-97
2025-09-20 10:46:30,574 INFO o.a.j.t.JMeterThread: Thread finished: 10000000 1-97
2025-09-20 10:46:30,575 INFO o.a.j.t.JMeterThread: Thread is done: 10000000 1-95
2025-09-20 10:46:30,575 INFO o.a.j.t.JMeterThread: Thread finished: 10000000 1-95
2025-09-20 10:46:30,576 INFO o.a.j.t.JMeterThread: Thread is done: 10000000 1-100
2025-09-20 10:46:30,576 INFO o.a.j.t.JMeterThread: Thread finished: 10000000 1-100
2025-09-20 10:46:30,577 INFO o.a.j.t.JMeterThread: Thread is done: 10000000 1-74
2025-09-20 10:46:30,577 INFO o.a.j.t.JMeterThread: Thread finished: 10000000 1-74
2025-09-20 10:46:30,582 INFO o.a.j.t.JMeterThread: Thread is done: 10000000 1-96
2025-09-20 10:46:30,583 INFO o.a.j.t.JMeterThread: Thread finished: 10000000 1-96
2025-09-20 10:46:30,583 INFO o.a.j.e.StandardJMeterEngine: Notifying test listeners of end of test
2025-09-20 10:46:30,583 INFO o.a.j.r.Summariser: summary +  14481 in 00:00:01 = 24838.8/s Avg:     2 Min:     0 Max:    25 Err:     0 (0.00%) Active: 0 Started: 100 Finished: 100
2025-09-20 10:46:30,583 INFO o.a.j.r.Summariser: summary = 100000 in 00:00:06 = 16906.2/s Avg:     4 Min:     0 Max:   190 Err:     0 (0.00%)
